Added Component: Designator=D4(LED_5MM - clear)
Add component (AddParameter): Name = "LatestRevisionDate"; Value = "01-Nov-2013"; VariantName = "[No Variations]"
Add component (AddParameter): Name = "Published"; Value = "21-Feb-2011"; VariantName = "[No Variations]"
Add component (AddParameter): Name = "SimulationModellSource"; Value = "Miscellaneous Devices"; VariantName = "[No Variations]"
Add component (AddParameter): Name = "Usage"; Value = "only permitted for non-commercial purposes at HTL I Innsbruck"; VariantName = "[No Variations]"
Added Component: Designator=P?(HDR1X2)
Add component (AddParameter): Name = "LatestRevisionDate"; Value = "17-Jul-2002"; VariantName = "[No Variations]"
Add component (AddParameter): Name = "LatestRevisionNote"; Value = "Re-released for DXP Platform."; VariantName = "[No Variations]"
Add component (AddParameter): Name = "Publisher"; Value = "Altium Limited"; VariantName = "[No Variations]"
Added Component: Designator=R13(R_0207/RM4)
Add component (AddParameter): Name = "LatestRevisionDate"; Value = "07-Sep-2019"; VariantName = "[No Variations]"
Add component (AddParameter): Name = "Published"; Value = "21-Feb-2011"; VariantName = "[No Variations]"
Add component (AddParameter): Name = "Usage"; Value = "only permitted for non-commercial purposes at HTL I Innsbruck"; VariantName = "[No Variations]"
Add component (AddParameter): Name = "Value"; Value = "100"; VariantName = "[No Variations]"
Added Pin To Net: NetName=+5 Pin=D4-A
Added Pin To Net: NetName=NetD4_K Pin=D4-K
Added Pin To Net: NetName=+5 Pin=P?-1
Added Pin To Net: NetName=GND Pin=P?-2
Added Pin To Net: NetName=GND Pin=R13-1
Added Pin To Net: NetName=NetD4_K Pin=R13-2
Added Class: Name=ir_sender
Change Room Name: Old Name=ir_distance_display New Name=ir_sender
Change Room Scope: Old Scope=InComponentClass('ir_distance_display') New Scope=InComponentClass('ir_sender')
